<?xml version="1.0" encoding="UTF-8"?>
<testng-results ignored="0" total="1" passed="1" failed="0" skipped="0">
  <reporter-output>
    <line>
      <![CDATA[TestCase is passed]]>
    </line>
  </reporter-output>
  <suite started-at="2024-10-24T17:42:32 IST" name="Default suite" finished-at="2024-10-24T17:43:02 IST" duration-ms="30780">
    <groups>
    </groups>
    <test started-at="2024-10-24T17:42:32 IST" name="Default test" finished-at="2024-10-24T17:43:02 IST" duration-ms="30780">
      <class name="Selenium.NeusAI.Search_DownloadVideo">
        <test-method is-config="true" signature="setUP()[pri:0, instance:Selenium.NeusAI.Search_DownloadVideo@3f6f6701]" started-at="2024-10-24T17:42:32 IST" name="setUP" finished-at="2024-10-24T17:42:46 IST" duration-ms="14091" status="PASS">
          <reporter-output>
          </reporter-output>
        </test-method> <!-- setUP -->
        <test-method signature="testSearchDownload(java.lang.String)[pri:0, instance:Selenium.NeusAI.Search_DownloadVideo@3f6f6701]" started-at="2024-10-24T17:42:46 IST" name="testSearchDownload" data-provider="inputs" finished-at="2024-10-24T17:43:02 IST" duration-ms="16298" status="PASS">
          <params>
            <param index="0">
              <value>
                <![CDATA[test video]]>
              </value>
            </param>
          </params>
          <reporter-output>
            <line>
              <![CDATA[TestCase is passed]]>
            </line>
          </reporter-output>
        </test-method> <!-- testSearchDownload -->
        <test-method is-config="true" signature="tearDown()[pri:0, instance:Selenium.NeusAI.Search_DownloadVideo@3f6f6701]" started-at="2024-10-24T17:43:02 IST" name="tearDown" finished-at="2024-10-24T17:43:02 IST" duration-ms="0" status="PASS">
          <reporter-output>
          </reporter-output>
        </test-method> <!-- tearDown -->
      </class> <!-- Selenium.NeusAI.Search_DownloadVideo -->
    </test> <!-- Default test -->
  </suite> <!-- Default suite -->
</testng-results>
